<?xml version="1.0" encoding="UTF-8" ?>
<testsuite errors="0" failures="0" hostname="LAPTOP-4M3JISRM" name="pkgcustomtree.CustomTreeTest" skipped="0" tests="9" time="0.11" timestamp="2020-03-09T03:02:25">
  <properties>
[...]
</properties>
  <testcase classname="pkgcustomtree.CustomTreeTest" name="removeNodeByKey" time="0.015" />
  <testcase classname="pkgcustomtree.CustomTreeTest" name="isKeyInTree" time="0.0" />
  <testcase classname="pkgcustomtree.CustomTreeTest" name="isTreeIterable" time="0.0" />
  <testcase classname="pkgcustomtree.CustomTreeTest" name="getAllKeysInOrder" time="0.0" />
  <testcase classname="pkgcustomtree.CustomTreeTest" name="putNodeIntoTreeAgain" time="0.0" />
  <testcase classname="pkgcustomtree.CustomTreeTest" name="getAllValuesInOrderByKey" time="0.0" />
  <testcase classname="pkgcustomtree.CustomTreeTest" name="isDuplicateValueExceptionThrownWithNode" time="0.0" />
  <testcase classname="pkgcustomtree.CustomTreeTest" name="setObserverToCheckTheTreeModifying" time="0.016" />
  <testcase classname="pkgcustomtree.CustomTreeTest" name="isValueInTree" time="0.0" />
  <system-out><![CDATA[New performed. Key: Jerry, Value: 1 from Ramda
New performed. Key: Jerry, Value: 1 from Normal
New performed. Key: Berry, Value: 2 from Ramda
New performed. Key: Berry, Value: 2 from Normal
New performed. Key: Terry, Value: 3 from Ramda
New performed. Key: Terry, Value: 3 from Normal
New performed. Key: Gerry, Value: 4 from Ramda
New performed. Key: Gerry, Value: 4 from Normal
New performed. Key: Aerry, Value: 5 from Ramda
New performed. Key: Aerry, Value: 5 from Normal
Deleted performed. Key: Berry, Value: 2 from Ramda
Deleted performed. Key: Berry, Value: 2 from Normal
Deleted performed. Key: Jerry, Value: 1 from Ramda
Deleted performed. Key: Jerry, Value: 1 from Normal
Deleted performed. Key: Aerry, Value: 5 from Ramda
Deleted performed. Key: Aerry, Value: 5 from Normal
]]></system-out>
  <system-err><![CDATA[]]></system-err>
</testsuite>
